
::1 - - [17/Jan/2020:20:02:29 +0000] "GET /api/contacts/ HTTP/1.1" 200 1066 "-" "PostmanRuntime/7.22.0"
::1 - - [17/Jan/2020:20:02:36 +0000] "GET /api/contacts/1 HTTP/1.1" 200 94 "-" "PostmanRuntime/7.22.0"
::1 - - [17/Jan/2020:20:02:57 +0000] "POST /api/contacts/ HTTP/1.1" 201 88 "-" "PostmanRuntime/7.22.0"
::1 - - [17/Jan/2020:20:03:37 +0000] "DELETE /api/contacts/1 HTTP/1.1" 200 29 "-" "PostmanRuntime/7.22.0"
::1 - - [17/Jan/2020:20:03:40 +0000] "DELETE /api/contacts/1 HTTP/1.1" 200 23 "-" "PostmanRuntime/7.22.0"
::1 - - [17/Jan/2020:20:03:59 +0000] "PATCH /api/contacts/2 HTTP/1.1" 200 103 "-" "PostmanRuntime/7.22.0"
::1 - - [17/Jan/2020:20:04:22 +0000] "PATCH /api/contacts/2 HTTP/1.1" 200 87 "-" "PostmanRuntime/7.22.0"
::1 - - [04/Mar/2020:09:55:04 +0000] "GET /api/contacts HTTP/1.1" 200 - "-" "PostmanRuntime/7.22.0"
::1 - - [04/Mar/2020:09:56:08 +0000] "GET /api/contacts HTTP/1.1" 200 - "-" "PostmanRuntime/7.22.0"
::1 - - [04/Mar/2020:09:58:22 +0000] "GET /api/contacts HTTP/1.1" - - "-" "PostmanRuntime/7.22.0"
::1 - - [04/Mar/2020:09:58:34 +0000] "GET /api/contacts HTTP/1.1" - - "-" "PostmanRuntime/7.22.0"
::1 - - [04/Mar/2020:10:04:38 +0000] "GET /api/contacts HTTP/1.1" - - "-" "PostmanRuntime/7.22.0"
::1 - - [04/Mar/2020:10:06:50 +0000] "GET /api/contacts HTTP/1.1" - - "-" "PostmanRuntime/7.22.0"
::1 - - [04/Mar/2020:10:08:27 +0000] "GET /api/contacts HTTP/1.1" - - "-" "PostmanRuntime/7.22.0"
::1 - - [04/Mar/2020:10:08:32 +0000] "GET /api/contacts HTTP/1.1" - - "-" "PostmanRuntime/7.22.0"
::1 - - [04/Mar/2020:10:08:43 +0000] "GET /api/contacts HTTP/1.1" - - "-" "PostmanRuntime/7.22.0"
::1 - - [04/Mar/2020:10:13:03 +0000] "GET /api/contacts HTTP/1.1" 200 191 "-" "PostmanRuntime/7.22.0"
::1 - - [04/Mar/2020:12:20:32 +0000] "GET /api/contacts/5e5f688d275f3c1cc80bf0fc HTTP/1.1" 200 - "-" "PostmanRuntime/7.22.0"
::1 - - [04/Mar/2020:12:21:08 +0000] "GET /api/contacts/5e5f688d275f3c1cc80bf0fc HTTP/1.1" 200 2 "-" "PostmanRuntime/7.22.0"
::1 - - [04/Mar/2020:12:21:37 +0000] "GET /api/contacts/5e5f688d275f3c1cc80bf0fc HTTP/1.1" 200 2 "-" "PostmanRuntime/7.22.0"
::1 - - [04/Mar/2020:12:23:26 +0000] "GET /api/contacts/contactiId=5e5f688d275f3c1cc80bf0fc HTTP/1.1" 200 2 "-" "PostmanRuntime/7.22.0"
::1 - - [04/Mar/2020:12:23:38 +0000] "GET /api/contacts/1 HTTP/1.1" 200 2 "-" "PostmanRuntime/7.22.0"
::1 - - [04/Mar/2020:12:24:04 +0000] "GET /api/contacts/5e5f688d275f3c1cc80bf0fc HTTP/1.1" 200 2 "-" "PostmanRuntime/7.22.0"
::1 - - [04/Mar/2020:12:24:15 +0000] "GET /api/contacts/5e5f688d275f3c1cc80bf0fc HTTP/1.1" 200 2 "-" "PostmanRuntime/7.22.0"
::1 - - [04/Mar/2020:12:25:03 +0000] "GET /api/contacts/5e5f688d275f3c1cc80bf0fc HTTP/1.1" 200 - "-" "PostmanRuntime/7.22.0"
::1 - - [04/Mar/2020:12:25:27 +0000] "GET /api/contacts/5e5f688d275f3c1cc80bf0fc HTTP/1.1" 200 2 "-" "PostmanRuntime/7.22.0"
::1 - - [04/Mar/2020:12:25:51 +0000] "GET /api/contacts/5e5f688d275f3c1cc80bf0fc HTTP/1.1" 200 2 "-" "PostmanRuntime/7.22.0"
::1 - - [04/Mar/2020:12:26:14 +0000] "GET /api/contacts/5e5f688d275f3c1cc80bf0fc HTTP/1.1" 200 4 "-" "PostmanRuntime/7.22.0"
::1 - - [04/Mar/2020:12:27:15 +0000] "GET /api/contacts/5e5f688d275f3c1cc80bf0fc HTTP/1.1" 200 4 "-" "PostmanRuntime/7.22.0"
::1 - - [04/Mar/2020:12:27:38 +0000] "GET /api/contacts/5e5f688d275f3c1cc80bf0fc HTTP/1.1" 200 4 "-" "PostmanRuntime/7.22.0"
::1 - - [04/Mar/2020:12:28:10 +0000] "GET /api/contacts/5e5f7e9d1c9d4400003e657f HTTP/1.1" 200 4 "-" "PostmanRuntime/7.22.0"
::1 - - [04/Mar/2020:12:30:29 +0000] "GET /api/contacts/5e5f7e9d1c9d4400003e657f HTTP/1.1" 200 4 "-" "PostmanRuntime/7.22.0"
::1 - - [04/Mar/2020:12:31:43 +0000] "GET /api/contacts/5e5f7e9d1c9d4400003e657f HTTP/1.1" 200 4 "-" "PostmanRuntime/7.22.0"
::1 - - [04/Mar/2020:12:32:10 +0000] "GET /api/contacts/5e5f7e9d1c9d4400003e657f HTTP/1.1" 200 - "-" "PostmanRuntime/7.22.0"
::1 - - [04/Mar/2020:12:32:30 +0000] "GET /api/contacts/5e5f7e9d1c9d4400003e657f HTTP/1.1" 200 - "-" "PostmanRuntime/7.22.0"
::1 - - [04/Mar/2020:12:33:15 +0000] "GET /api/contacts/5e5f7e9d1c9d4400003e657f HTTP/1.1" 200 2 "-" "PostmanRuntime/7.22.0"
::1 - - [04/Mar/2020:12:35:23 +0000] "GET /api/contacts/5e5f7e9d1c9d4400003e657f HTTP/1.1" 200 2 "-" "PostmanRuntime/7.22.0"
::1 - - [04/Mar/2020:13:21:36 +0000] "GET /api/contacts/5e5f7e9d1c9d4400003e657f HTTP/1.1" 200 2 "-" "PostmanRuntime/7.22.0"
::1 - - [04/Mar/2020:13:22:14 +0000] "GET /api/contacts/5e5f7e9d1c9d4400003e657f HTTP/1.1" 404 2 "-" "PostmanRuntime/7.22.0"
::1 - - [04/Mar/2020:13:22:28 +0000] "GET /api/contacts/5e5f7e9d1c9d4400003e657f HTTP/1.1" 404 2 "-" "PostmanRuntime/7.22.0"
::1 - - [04/Mar/2020:13:23:28 +0000] "GET /api/contacts/5e5f7e9d1c9d4400003e657f HTTP/1.1" 200 2 "-" "PostmanRuntime/7.22.0"
::1 - - [04/Mar/2020:13:24:22 +0000] "GET /api/contacts/5e5f7e9d1c9d4400003e657f HTTP/1.1" 200 77 "-" "PostmanRuntime/7.22.0"
::1 - - [04/Mar/2020:13:24:41 +0000] "GET /api/contacts/5e5f7e9d1c9d4400003e657f HTTP/1.1" 200 2 "-" "PostmanRuntime/7.22.0"
::1 - - [04/Mar/2020:13:25:31 +0000] "GET /api/contacts/5e5f7e9d1c9d4400003e657f HTTP/1.1" 200 77 "-" "PostmanRuntime/7.22.0"
::1 - - [04/Mar/2020:13:25:50 +0000] "GET /api/contacts/5e5f7e9d1c9d4400003e657f HTTP/1.1" 200 77 "-" "PostmanRuntime/7.22.0"
::1 - - [04/Mar/2020:13:26:02 +0000] "GET /api/contacts/5e5f688d275f3c1cc80bf0fc HTTP/1.1" 200 115 "-" "PostmanRuntime/7.22.0"
::1 - - [04/Mar/2020:13:34:31 +0000] "POST /api/contacts/ HTTP/1.1" 400 856 "-" "PostmanRuntime/7.22.0"
::1 - - [04/Mar/2020:13:35:29 +0000] "POST /api/contacts/ HTTP/1.1" 400 856 "-" "PostmanRuntime/7.22.0"
::1 - - [04/Mar/2020:13:35:54 +0000] "POST /api/contacts/ HTTP/1.1" 400 41 "-" "PostmanRuntime/7.22.0"
::1 - - [04/Mar/2020:13:36:12 +0000] "POST /api/contacts/ HTTP/1.1" 400 856 "-" "PostmanRuntime/7.22.0"
::1 - - [04/Mar/2020:13:37:01 +0000] "POST /api/contacts/ HTTP/1.1" 201 - "-" "PostmanRuntime/7.22.0"
::1 - - [04/Mar/2020:13:37:11 +0000] "POST /api/contacts/ HTTP/1.1" 201 - "-" "PostmanRuntime/7.22.0"
::1 - - [04/Mar/2020:13:38:32 +0000] "POST /api/contacts/ HTTP/1.1" 201 - "-" "PostmanRuntime/7.22.0"
::1 - - [04/Mar/2020:13:39:01 +0000] "POST /api/contacts/ HTTP/1.1" 201 - "-" "PostmanRuntime/7.22.0"
::1 - - [04/Mar/2020:13:39:49 +0000] "POST /api/contacts/ HTTP/1.1" 201 44 "-" "PostmanRuntime/7.22.0"
::1 - - [04/Mar/2020:13:40:44 +0000] "POST /api/contacts/ HTTP/1.1" 201 44 "-" "PostmanRuntime/7.22.0"
::1 - - [04/Mar/2020:13:43:48 +0000] "POST /api/contacts/ HTTP/1.1" 201 - "-" "PostmanRuntime/7.22.0"
::1 - - [04/Mar/2020:13:48:07 +0000] "DELETE /api/contacts/5e5f7e9d1c9d4400003e657f HTTP/1.1" 200 29 "-" "PostmanRuntime/7.22.0"
::1 - - [04/Mar/2020:13:48:36 +0000] "DELETE /api/contacts/5e5f7e9d1c9d4400003e657f HTTP/1.1" 200 - "-" "PostmanRuntime/7.22.0"
::1 - - [04/Mar/2020:13:49:25 +0000] "DELETE /api/contacts/5e5f7e9d1c9d4400003e657f HTTP/1.1" 200 - "-" "PostmanRuntime/7.22.0"
::1 - - [04/Mar/2020:13:50:08 +0000] "DELETE /api/contacts/5e5f7e9d1c9d4400003e657f HTTP/1.1" 200 - "-" "PostmanRuntime/7.22.0"
::1 - - [04/Mar/2020:13:52:38 +0000] "DELETE /api/contacts/5e5f7e9d1c9d4400003e657f HTTP/1.1" 200 28 "-" "PostmanRuntime/7.22.0"
::1 - - [04/Mar/2020:13:53:03 +0000] "DELETE /api/contacts/5e5f7e9d1c9d4400003e657f HTTP/1.1" 200 28 "-" "PostmanRuntime/7.22.0"
::1 - - [04/Mar/2020:13:55:23 +0000] "DELETE /api/contacts/5e5f7e9d1c9d4400003e657f HTTP/1.1" 200 28 "-" "PostmanRuntime/7.22.0"
::1 - - [04/Mar/2020:13:55:49 +0000] "DELETE /api/contacts/5e5f688d275f3c1cc80bf0fc HTTP/1.1" 200 28 "-" "PostmanRuntime/7.22.0"
::1 - - [04/Mar/2020:14:05:18 +0000] "PATCH /api/contacts/5e5fafa5cc0a3b1e58021eea HTTP/1.1" 200 - "-" "PostmanRuntime/7.22.0"
::1 - - [04/Mar/2020:14:07:06 +0000] "PATCH /api/contacts/5e5fafa5cc0a3b1e58021eea HTTP/1.1" 200 285 "-" "PostmanRuntime/7.22.0"
::1 - - [04/Mar/2020:14:09:34 +0000] "PATCH /api/contacts/5e5fafa5cc0a3b1e58021eea HTTP/1.1" 200 - "-" "PostmanRuntime/7.22.0"
::1 - - [04/Mar/2020:14:11:56 +0000] "PATCH /api/contacts/5e5fafa5cc0a3b1e58021eea HTTP/1.1" 200 - "-" "PostmanRuntime/7.22.0"
::1 - - [04/Mar/2020:14:12:51 +0000] "PATCH /api/contacts/5e5fafa5cc0a3b1e58021eea HTTP/1.1" 200 - "-" "PostmanRuntime/7.22.0"
::1 - - [04/Mar/2020:14:14:13 +0000] "PATCH /api/contacts/5e5fafa5cc0a3b1e58021eea HTTP/1.1" 200 285 "-" "PostmanRuntime/7.22.0"
::1 - - [04/Mar/2020:14:15:08 +0000] "PATCH /api/contacts/5e5fafa5cc0a3b1e58021eea HTTP/1.1" 200 - "-" "PostmanRuntime/7.22.0"
::1 - - [04/Mar/2020:14:16:43 +0000] "PATCH /api/contacts/5e5fafa5cc0a3b1e58021eea HTTP/1.1" 200 29 "-" "PostmanRuntime/7.22.0"
::1 - - [04/Mar/2020:14:16:50 +0000] "PATCH /api/contacts/5e5fafa5c21eea HTTP/1.1" 200 31 "-" "PostmanRuntime/7.22.0"
::1 - - [04/Mar/2020:14:16:58 +0000] "PATCH /api/contacts/5e5fafa5cc0a3b1e58021eea HTTP/1.1" 200 29 "-" "PostmanRuntime/7.22.0"
